DEBUG 2025-07-02 14:08:32.093 UTC: 	 CRAB Client version: v3.250522
DEBUG 2025-07-02 14:08:32.093 UTC: 	 Running on: Linux lx04.hep.ph.ic.ac.uk 5.14.0-503.33.1.el9_5.x86_64 #1 SMP PREEMPT_DYNAMIC Wed Mar 19 16:23:31 UTC 2025 x86_64 x86_64 x86_64 GNU/Linux
DEBUG 2025-07-02 14:08:32.093 UTC: 	 Using SINGULARITY image: el7:x86_64
DEBUG 2025-07-02 14:08:32.093 UTC: 	 Operating System: CentOS Linux 7 (Core)
DEBUG 2025-07-02 14:08:32.093 UTC: 	 Executing command: 'setfilestatus'
DEBUG 2025-07-02 14:08:32.094 UTC: 	 Found CRAB cache file /home/hep/jtafoyav/.crab3
DEBUG 2025-07-02 14:08:32.118 UTC: 	 Checking credentials
DEBUG 2025-07-02 14:08:32.118 UTC: 	 Found proxy file /tmp/x509up_u1789945
DEBUG 2025-07-02 14:08:32.118 UTC: 	 Making sure it has proper VOMS extension
DEBUG 2025-07-02 14:08:32.118 UTC: 	 Executing command :
 voms-proxy-info --vo --file /tmp/x509up_u1789945
DEBUG 2025-07-02 14:08:32.164 UTC: 	 output : cms

 error: 
 retcode : 0
DEBUG 2025-07-02 14:08:32.164 UTC: 	 Getting proxy life time left
DEBUG 2025-07-02 14:08:32.164 UTC: 	 Executing command :
 voms-proxy-info --actimeleft --timeleft --file /tmp/x509up_u1789945
DEBUG 2025-07-02 14:08:32.197 UTC: 	 output : 691065
691065

 error: 
 retcode : 0
DEBUG 2025-07-02 14:08:32.198 UTC: 	 Proxy valid for 191:57:45 hours
DEBUG 2025-07-02 14:08:32.198 UTC: 	 Command use: setfilestatus
DEBUG 2025-07-02 14:08:32.198 UTC: 	 Options use: ['--files', '/store/user/tafoyava/samples/DIGIRAW/scenarioA_mpi_4_mA_1p90_ctau_10/DIGIRAW_2023_postBPix-ext/250701_130909/0000/GEN_SIM_RAW_948.root', '--status', 'INVALID']
DEBUG 2025-07-02 14:08:32.198 UTC: 	 Instance is None
DEBUG 2025-07-02 14:08:32.198 UTC: 	 Server base url is None
DEBUG 2025-07-02 14:08:32.198 UTC: 	 dbsInstance  = prod/phys03
DEBUG 2025-07-02 14:08:32.198 UTC: 	 dataset      = None
DEBUG 2025-07-02 14:08:32.198 UTC: 	 files        = /store/user/tafoyava/samples/DIGIRAW/scenarioA_mpi_4_mA_1p90_ctau_10/DIGIRAW_2023_postBPix-ext/250701_130909/0000/GEN_SIM_RAW_948.root
DEBUG 2025-07-02 14:08:32.198 UTC: 	 status       = INVALID
DEBUG 2025-07-02 14:08:32.198 UTC: 	 Read Url  = cmsweb.cern.ch:8443/dbs/prod/phys03/DBSReader/
DEBUG 2025-07-02 14:08:32.198 UTC: 	 Write Url = cmsweb.cern.ch:8443/dbs/prod/phys03/DBSWriter/
DEBUG 2025-07-02 14:08:32.198 UTC: 	 Encoded data for curl request: logical_file_name=%2Fstore%2Fuser%2Ftafoyava%2Fsamples%2FDIGIRAW%2FscenarioA_mpi_4_mA_1p90_ctau_10%2FDIGIRAW_2023_postBPix-ext%2F250701_130909%2F0000%2FGEN_SIM_RAW_948.root
INFO 2025-07-02 14:08:32.325 UTC: 	 LFN to be changed belongs to dataset /scenarioA_mpi_4_mA_1p90_ctau_10/tafoyava-DIGIRAW_2023_postBPix-ext-614897caf85b1c921818c344b3586ba0/USER
DEBUG 2025-07-02 14:08:32.325 UTC: 	 Encoded data for curl request: dataset=%2FscenarioA_mpi_4_mA_1p90_ctau_10%2Ftafoyava-DIGIRAW_2023_postBPix-ext-614897caf85b1c921818c344b3586ba0%2FUSER&validFileOnly=1
DEBUG 2025-07-02 14:08:32.523 UTC: 	 Encoded data for curl request: dataset=%2FscenarioA_mpi_4_mA_1p90_ctau_10%2Ftafoyava-DIGIRAW_2023_postBPix-ext-614897caf85b1c921818c344b3586ba0%2FUSER&validFileOnly=0
INFO 2025-07-02 14:08:32.722 UTC: 	 Dataset file count total/valid/invalid = 1001/1001/0
DEBUG 2025-07-02 14:08:32.722 UTC: 	 Encoded data for curl request: {"logical_file_name": "/store/user/tafoyava/samples/DIGIRAW/scenarioA_mpi_4_mA_1p90_ctau_10/DIGIRAW_2023_postBPix-ext/250701_130909/0000/GEN_SIM_RAW_948.root", "is_file_valid": 0}
INFO 2025-07-02 14:08:33.066 UTC: 	 File(s) status changed successfully
DEBUG 2025-07-02 14:08:33.066 UTC: 	 Encoded data for curl request: dataset=%2FscenarioA_mpi_4_mA_1p90_ctau_10%2Ftafoyava-DIGIRAW_2023_postBPix-ext-614897caf85b1c921818c344b3586ba0%2FUSER&validFileOnly=1
DEBUG 2025-07-02 14:08:33.272 UTC: 	 Encoded data for curl request: dataset=%2FscenarioA_mpi_4_mA_1p90_ctau_10%2Ftafoyava-DIGIRAW_2023_postBPix-ext-614897caf85b1c921818c344b3586ba0%2FUSER&validFileOnly=0
INFO 2025-07-02 14:08:33.478 UTC: 	 Dataset file count total/valid/invalid = 1001/1000/1
INFO 2025-07-02 14:08:33.500 UTC: 	 Log file is /home/hep/jtafoyav/production_2023/tools/manage_duplicate_files/crab.log
DEBUG 2025-07-02 14:09:24.002 UTC: 	 CRAB Client version: v3.250522
DEBUG 2025-07-02 14:09:24.003 UTC: 	 Running on: Linux lx04.hep.ph.ic.ac.uk 5.14.0-503.33.1.el9_5.x86_64 #1 SMP PREEMPT_DYNAMIC Wed Mar 19 16:23:31 UTC 2025 x86_64 x86_64 x86_64 GNU/Linux
DEBUG 2025-07-02 14:09:24.003 UTC: 	 Using SINGULARITY image: el7:x86_64
DEBUG 2025-07-02 14:09:24.003 UTC: 	 Operating System: CentOS Linux 7 (Core)
DEBUG 2025-07-02 14:09:24.003 UTC: 	 Executing command: 'setfilestatus'
DEBUG 2025-07-02 14:09:24.015 UTC: 	 Found CRAB cache file /home/hep/jtafoyav/.crab3
DEBUG 2025-07-02 14:09:24.039 UTC: 	 Checking credentials
DEBUG 2025-07-02 14:09:24.039 UTC: 	 Found proxy file /tmp/x509up_u1789945
DEBUG 2025-07-02 14:09:24.039 UTC: 	 Making sure it has proper VOMS extension
DEBUG 2025-07-02 14:09:24.039 UTC: 	 Executing command :
 voms-proxy-info --vo --file /tmp/x509up_u1789945
DEBUG 2025-07-02 14:09:24.129 UTC: 	 output : cms

 error: 
 retcode : 0
DEBUG 2025-07-02 14:09:24.129 UTC: 	 Getting proxy life time left
DEBUG 2025-07-02 14:09:24.129 UTC: 	 Executing command :
 voms-proxy-info --actimeleft --timeleft --file /tmp/x509up_u1789945
DEBUG 2025-07-02 14:09:24.168 UTC: 	 output : 691013
691013

 error: 
 retcode : 0
DEBUG 2025-07-02 14:09:24.169 UTC: 	 Proxy valid for 191:56:53 hours
DEBUG 2025-07-02 14:09:24.169 UTC: 	 Command use: setfilestatus
DEBUG 2025-07-02 14:09:24.169 UTC: 	 Options use: ['--files', '/store/user/tafoyava/samples/DIGIRAW/scenarioB1_mpi_1_mA_0p33_ctau_0p1/DIGIRAW_2023_postBPix-ext/250701_131127/0000/GEN_SIM_RAW_540.root', '--status', 'INVALID']
DEBUG 2025-07-02 14:09:24.169 UTC: 	 Instance is None
DEBUG 2025-07-02 14:09:24.169 UTC: 	 Server base url is None
DEBUG 2025-07-02 14:09:24.169 UTC: 	 dbsInstance  = prod/phys03
DEBUG 2025-07-02 14:09:24.169 UTC: 	 dataset      = None
DEBUG 2025-07-02 14:09:24.169 UTC: 	 files        = /store/user/tafoyava/samples/DIGIRAW/scenarioB1_mpi_1_mA_0p33_ctau_0p1/DIGIRAW_2023_postBPix-ext/250701_131127/0000/GEN_SIM_RAW_540.root
DEBUG 2025-07-02 14:09:24.169 UTC: 	 status       = INVALID
DEBUG 2025-07-02 14:09:24.169 UTC: 	 Read Url  = cmsweb.cern.ch:8443/dbs/prod/phys03/DBSReader/
DEBUG 2025-07-02 14:09:24.170 UTC: 	 Write Url = cmsweb.cern.ch:8443/dbs/prod/phys03/DBSWriter/
DEBUG 2025-07-02 14:09:24.170 UTC: 	 Encoded data for curl request: logical_file_name=%2Fstore%2Fuser%2Ftafoyava%2Fsamples%2FDIGIRAW%2FscenarioB1_mpi_1_mA_0p33_ctau_0p1%2FDIGIRAW_2023_postBPix-ext%2F250701_131127%2F0000%2FGEN_SIM_RAW_540.root
INFO 2025-07-02 14:09:24.300 UTC: 	 LFN to be changed belongs to dataset /scenarioB1_mpi_1_mA_0p33_ctau_0p1/tafoyava-DIGIRAW_2023_postBPix-ext-614897caf85b1c921818c344b3586ba0/USER
DEBUG 2025-07-02 14:09:24.301 UTC: 	 Encoded data for curl request: dataset=%2FscenarioB1_mpi_1_mA_0p33_ctau_0p1%2Ftafoyava-DIGIRAW_2023_postBPix-ext-614897caf85b1c921818c344b3586ba0%2FUSER&validFileOnly=1
DEBUG 2025-07-02 14:09:24.515 UTC: 	 Encoded data for curl request: dataset=%2FscenarioB1_mpi_1_mA_0p33_ctau_0p1%2Ftafoyava-DIGIRAW_2023_postBPix-ext-614897caf85b1c921818c344b3586ba0%2FUSER&validFileOnly=0
INFO 2025-07-02 14:09:24.729 UTC: 	 Dataset file count total/valid/invalid = 1001/1001/0
DEBUG 2025-07-02 14:09:24.730 UTC: 	 Encoded data for curl request: {"logical_file_name": "/store/user/tafoyava/samples/DIGIRAW/scenarioB1_mpi_1_mA_0p33_ctau_0p1/DIGIRAW_2023_postBPix-ext/250701_131127/0000/GEN_SIM_RAW_540.root", "is_file_valid": 0}
INFO 2025-07-02 14:09:24.865 UTC: 	 File(s) status changed successfully
DEBUG 2025-07-02 14:09:24.865 UTC: 	 Encoded data for curl request: dataset=%2FscenarioB1_mpi_1_mA_0p33_ctau_0p1%2Ftafoyava-DIGIRAW_2023_postBPix-ext-614897caf85b1c921818c344b3586ba0%2FUSER&validFileOnly=1
DEBUG 2025-07-02 14:09:25.087 UTC: 	 Encoded data for curl request: dataset=%2FscenarioB1_mpi_1_mA_0p33_ctau_0p1%2Ftafoyava-DIGIRAW_2023_postBPix-ext-614897caf85b1c921818c344b3586ba0%2FUSER&validFileOnly=0
INFO 2025-07-02 14:09:25.303 UTC: 	 Dataset file count total/valid/invalid = 1001/1000/1
INFO 2025-07-02 14:09:25.305 UTC: 	 Log file is /home/hep/jtafoyav/production_2023/tools/manage_duplicate_files/crab.log
DEBUG 2025-07-02 14:12:21.308 UTC: 	 CRAB Client version: v3.250522
DEBUG 2025-07-02 14:12:21.308 UTC: 	 Running on: Linux lx04.hep.ph.ic.ac.uk 5.14.0-503.33.1.el9_5.x86_64 #1 SMP PREEMPT_DYNAMIC Wed Mar 19 16:23:31 UTC 2025 x86_64 x86_64 x86_64 GNU/Linux
DEBUG 2025-07-02 14:12:21.308 UTC: 	 Using SINGULARITY image: el7:x86_64
DEBUG 2025-07-02 14:12:21.308 UTC: 	 Operating System: CentOS Linux 7 (Core)
DEBUG 2025-07-02 14:12:21.308 UTC: 	 Executing command: 'setfilestatus'
DEBUG 2025-07-02 14:12:21.317 UTC: 	 Found CRAB cache file /home/hep/jtafoyav/.crab3
DEBUG 2025-07-02 14:12:21.328 UTC: 	 Checking credentials
DEBUG 2025-07-02 14:12:21.328 UTC: 	 Found proxy file /tmp/x509up_u1789945
DEBUG 2025-07-02 14:12:21.328 UTC: 	 Making sure it has proper VOMS extension
DEBUG 2025-07-02 14:12:21.328 UTC: 	 Executing command :
 voms-proxy-info --vo --file /tmp/x509up_u1789945
DEBUG 2025-07-02 14:12:21.414 UTC: 	 output : cms

 error: 
 retcode : 0
DEBUG 2025-07-02 14:12:21.415 UTC: 	 Getting proxy life time left
DEBUG 2025-07-02 14:12:21.415 UTC: 	 Executing command :
 voms-proxy-info --actimeleft --timeleft --file /tmp/x509up_u1789945
DEBUG 2025-07-02 14:12:21.470 UTC: 	 output : 690836
690836

 error: 
 retcode : 0
DEBUG 2025-07-02 14:12:21.470 UTC: 	 Proxy valid for 191:53:56 hours
DEBUG 2025-07-02 14:12:21.470 UTC: 	 Command use: setfilestatus
DEBUG 2025-07-02 14:12:21.470 UTC: 	 Options use: ['--files', '/store/user/tafoyava/samples/DIGIRAW/scenarioB1_mpi_5_mA_2p40_ctau_0p1/DIGIRAW_2023_postBPix-ext/250701_131641/0000/GEN_SIM_RAW_88.root', '--status', 'INVALID']
DEBUG 2025-07-02 14:12:21.470 UTC: 	 Instance is None
DEBUG 2025-07-02 14:12:21.470 UTC: 	 Server base url is None
DEBUG 2025-07-02 14:12:21.470 UTC: 	 dbsInstance  = prod/phys03
DEBUG 2025-07-02 14:12:21.470 UTC: 	 dataset      = None
DEBUG 2025-07-02 14:12:21.470 UTC: 	 files        = /store/user/tafoyava/samples/DIGIRAW/scenarioB1_mpi_5_mA_2p40_ctau_0p1/DIGIRAW_2023_postBPix-ext/250701_131641/0000/GEN_SIM_RAW_88.root
DEBUG 2025-07-02 14:12:21.470 UTC: 	 status       = INVALID
DEBUG 2025-07-02 14:12:21.470 UTC: 	 Read Url  = cmsweb.cern.ch:8443/dbs/prod/phys03/DBSReader/
DEBUG 2025-07-02 14:12:21.470 UTC: 	 Write Url = cmsweb.cern.ch:8443/dbs/prod/phys03/DBSWriter/
DEBUG 2025-07-02 14:12:21.471 UTC: 	 Encoded data for curl request: logical_file_name=%2Fstore%2Fuser%2Ftafoyava%2Fsamples%2FDIGIRAW%2FscenarioB1_mpi_5_mA_2p40_ctau_0p1%2FDIGIRAW_2023_postBPix-ext%2F250701_131641%2F0000%2FGEN_SIM_RAW_88.root
INFO 2025-07-02 14:12:21.593 UTC: 	 LFN to be changed belongs to dataset /scenarioB1_mpi_5_mA_2p40_ctau_0p1/tafoyava-DIGIRAW_2023_postBPix-ext-614897caf85b1c921818c344b3586ba0/USER
DEBUG 2025-07-02 14:12:21.593 UTC: 	 Encoded data for curl request: dataset=%2FscenarioB1_mpi_5_mA_2p40_ctau_0p1%2Ftafoyava-DIGIRAW_2023_postBPix-ext-614897caf85b1c921818c344b3586ba0%2FUSER&validFileOnly=1
DEBUG 2025-07-02 14:12:21.330 UTC: 	 CRAB Client version: v3.250522
DEBUG 2025-07-02 14:12:21.798 UTC: 	 Encoded data for curl request: dataset=%2FscenarioB1_mpi_5_mA_2p40_ctau_0p1%2Ftafoyava-DIGIRAW_2023_postBPix-ext-614897caf85b1c921818c344b3586ba0%2FUSER&validFileOnly=0
INFO 2025-07-02 14:12:22.002 UTC: 	 Dataset file count total/valid/invalid = 1002/1002/0
DEBUG 2025-07-02 14:12:22.003 UTC: 	 Encoded data for curl request: {"logical_file_name": "/store/user/tafoyava/samples/DIGIRAW/scenarioB1_mpi_5_mA_2p40_ctau_0p1/DIGIRAW_2023_postBPix-ext/250701_131641/0000/GEN_SIM_RAW_88.root", "is_file_valid": 0}
INFO 2025-07-02 14:12:22.132 UTC: 	 File(s) status changed successfully
DEBUG 2025-07-02 14:12:22.133 UTC: 	 Encoded data for curl request: dataset=%2FscenarioB1_mpi_5_mA_2p40_ctau_0p1%2Ftafoyava-DIGIRAW_2023_postBPix-ext-614897caf85b1c921818c344b3586ba0%2FUSER&validFileOnly=1
DEBUG 2025-07-02 14:12:22.349 UTC: 	 Encoded data for curl request: dataset=%2FscenarioB1_mpi_5_mA_2p40_ctau_0p1%2Ftafoyava-DIGIRAW_2023_postBPix-ext-614897caf85b1c921818c344b3586ba0%2FUSER&validFileOnly=0
INFO 2025-07-02 14:12:22.554 UTC: 	 Dataset file count total/valid/invalid = 1002/1000/2
DEBUG 2025-07-02 14:12:21.331 UTC: 	 Running on: Linux lx04.hep.ph.ic.ac.uk 5.14.0-503.33.1.el9_5.x86_64 #1 SMP PREEMPT_DYNAMIC Wed Mar 19 16:23:31 UTC 2025 x86_64 x86_64 x86_64 GNU/Linux
DEBUG 2025-07-02 14:12:21.331 UTC: 	 Using SINGULARITY image: el7:x86_64
DEBUG 2025-07-02 14:12:21.331 UTC: 	 Operating System: CentOS Linux 7 (Core)
INFO 2025-07-02 14:12:22.610 UTC: 	 Log file is /home/hep/jtafoyav/production_2023/tools/manage_duplicate_files/crab.log
DEBUG 2025-07-02 14:12:21.331 UTC: 	 Executing command: 'setfilestatus'
DEBUG 2025-07-02 14:12:21.331 UTC: 	 Found CRAB cache file /home/hep/jtafoyav/.crab3
DEBUG 2025-07-02 14:12:21.354 UTC: 	 Checking credentials
DEBUG 2025-07-02 14:12:21.354 UTC: 	 Found proxy file /tmp/x509up_u1789945
DEBUG 2025-07-02 14:12:21.354 UTC: 	 Making sure it has proper VOMS extension
DEBUG 2025-07-02 14:12:21.354 UTC: 	 Executing command :
 voms-proxy-info --vo --file /tmp/x509up_u1789945
DEBUG 2025-07-02 14:12:21.419 UTC: 	 output : cms

 error: 
 retcode : 0
DEBUG 2025-07-02 14:12:21.419 UTC: 	 Getting proxy life time left
DEBUG 2025-07-02 14:12:21.419 UTC: 	 Executing command :
 voms-proxy-info --actimeleft --timeleft --file /tmp/x509up_u1789945
DEBUG 2025-07-02 14:12:21.471 UTC: 	 output : 690836
690836

 error: 
 retcode : 0
DEBUG 2025-07-02 14:12:21.471 UTC: 	 Proxy valid for 191:53:56 hours
DEBUG 2025-07-02 14:12:21.471 UTC: 	 Command use: setfilestatus
DEBUG 2025-07-02 14:12:21.471 UTC: 	 Options use: ['--files', '/store/user/tafoyava/samples/DIGIRAW/scenarioB1_mpi_5_mA_2p40_ctau_0p1/DIGIRAW_2023_postBPix-ext/250701_131641/0000/GEN_SIM_RAW_671.root', '--status', 'INVALID']
DEBUG 2025-07-02 14:12:21.472 UTC: 	 Instance is None
DEBUG 2025-07-02 14:12:21.472 UTC: 	 Server base url is None
DEBUG 2025-07-02 14:12:21.472 UTC: 	 dbsInstance  = prod/phys03
DEBUG 2025-07-02 14:12:21.472 UTC: 	 dataset      = None
DEBUG 2025-07-02 14:12:21.472 UTC: 	 files        = /store/user/tafoyava/samples/DIGIRAW/scenarioB1_mpi_5_mA_2p40_ctau_0p1/DIGIRAW_2023_postBPix-ext/250701_131641/0000/GEN_SIM_RAW_671.root
DEBUG 2025-07-02 14:12:21.472 UTC: 	 status       = INVALID
DEBUG 2025-07-02 14:12:21.472 UTC: 	 Read Url  = cmsweb.cern.ch:8443/dbs/prod/phys03/DBSReader/
DEBUG 2025-07-02 14:12:21.472 UTC: 	 Write Url = cmsweb.cern.ch:8443/dbs/prod/phys03/DBSWriter/
DEBUG 2025-07-02 14:12:21.473 UTC: 	 Encoded data for curl request: logical_file_name=%2Fstore%2Fuser%2Ftafoyava%2Fsamples%2FDIGIRAW%2FscenarioB1_mpi_5_mA_2p40_ctau_0p1%2FDIGIRAW_2023_postBPix-ext%2F250701_131641%2F0000%2FGEN_SIM_RAW_671.root
INFO 2025-07-02 14:12:21.596 UTC: 	 LFN to be changed belongs to dataset /scenarioB1_mpi_5_mA_2p40_ctau_0p1/tafoyava-DIGIRAW_2023_postBPix-ext-614897caf85b1c921818c344b3586ba0/USER
DEBUG 2025-07-02 14:12:21.596 UTC: 	 Encoded data for curl request: dataset=%2FscenarioB1_mpi_5_mA_2p40_ctau_0p1%2Ftafoyava-DIGIRAW_2023_postBPix-ext-614897caf85b1c921818c344b3586ba0%2FUSER&validFileOnly=1
DEBUG 2025-07-02 14:12:21.808 UTC: 	 Encoded data for curl request: dataset=%2FscenarioB1_mpi_5_mA_2p40_ctau_0p1%2Ftafoyava-DIGIRAW_2023_postBPix-ext-614897caf85b1c921818c344b3586ba0%2FUSER&validFileOnly=0
INFO 2025-07-02 14:12:22.024 UTC: 	 Dataset file count total/valid/invalid = 1002/1002/0
DEBUG 2025-07-02 14:12:22.025 UTC: 	 Encoded data for curl request: {"logical_file_name": "/store/user/tafoyava/samples/DIGIRAW/scenarioB1_mpi_5_mA_2p40_ctau_0p1/DIGIRAW_2023_postBPix-ext/250701_131641/0000/GEN_SIM_RAW_671.root", "is_file_valid": 0}
INFO 2025-07-02 14:12:22.148 UTC: 	 File(s) status changed successfully
DEBUG 2025-07-02 14:12:22.150 UTC: 	 Encoded data for curl request: dataset=%2FscenarioB1_mpi_5_mA_2p40_ctau_0p1%2Ftafoyava-DIGIRAW_2023_postBPix-ext-614897caf85b1c921818c344b3586ba0%2FUSER&validFileOnly=1
DEBUG 2025-07-02 14:12:22.357 UTC: 	 Encoded data for curl request: dataset=%2FscenarioB1_mpi_5_mA_2p40_ctau_0p1%2Ftafoyava-DIGIRAW_2023_postBPix-ext-614897caf85b1c921818c344b3586ba0%2FUSER&validFileOnly=0
INFO 2025-07-02 14:12:22.563 UTC: 	 Dataset file count total/valid/invalid = 1002/1000/2
INFO 2025-07-02 14:12:22.678 UTC: 	 Log file is /home/hep/jtafoyav/production_2023/tools/manage_duplicate_files/crab.log
